<?xml version="1.0" encoding="UTF-8"?>
<robot generator="Robot 3.2.1 (Python 3.8.3 on win32)" generated="20200816 21:07:54.579" rpa="false">
<suite id="s1" name="Dday" source="D:\RobotFramework\Tescases\Dday">
<kw name="Open and Maximize browser" type="setup">
<kw name="Open Browser" library="SeleniumLibrary">
<doc>Opens a new browser instance to the optional ``url``.</doc>
<arguments>
<arg>${url}</arg>
<arg>${browser}</arg>
</arguments>
<msg timestamp="20200816 21:07:54.927" level="INFO">Opening browser 'chrome' to base url 'https://www.thetestingworld.com/'.</msg>
<status status="PASS" starttime="20200816 21:07:54.927" endtime="20200816 21:08:05.131"></status>
</kw>
<kw name="Maximize Browser Window" library="SeleniumLibrary">
<doc>Maximizes current browser window.</doc>
<status status="PASS" starttime="20200816 21:08:05.131" endtime="20200816 21:08:06.319"></status>
</kw>
<status status="PASS" starttime="20200816 21:07:54.926" endtime="20200816 21:08:06.319"></status>
</kw>
<suite id="s1-s1" name="TC001-Login" source="D:\RobotFramework\Tescases\Dday\TC001-Login.robot">
<test id="s1-s1-t1" name="Login verification">
<kw name="Given user is Navigated to login page" library="login">
<kw name="get clickLoginLink" library="login">
<assign>
<var>${temp3}</var>
</assign>
<kw name="Read Loactors" library="locators">
<arguments>
<arg>Login.LoingLink</arg>
</arguments>
<assign>
<var>${x}</var>
</assign>
<msg timestamp="20200816 21:08:07.249" level="INFO">${x} = ://a[@href='/index.php?option=com_users&amp;view=login&amp;Itemid=587']</msg>
<status status="PASS" starttime="20200816 21:08:07.248" endtime="20200816 21:08:07.249"></status>
</kw>
<msg timestamp="20200816 21:08:07.249" level="INFO">${temp3} = ://a[@href='/index.php?option=com_users&amp;view=login&amp;Itemid=587']</msg>
<status status="PASS" starttime="20200816 21:08:07.248" endtime="20200816 21:08:07.249"></status>
</kw>
<kw name="Click Link" library="SeleniumLibrary">
<doc>Clicks a link identified by ``locator``.</doc>
<arguments>
<arg>xpath${temp3}</arg>
</arguments>
<msg timestamp="20200816 21:08:07.249" level="INFO">Clicking link 'xpath://a[@href='/index.php?option=com_users&amp;view=login&amp;Itemid=587']'.</msg>
<status status="PASS" starttime="20200816 21:08:07.249" endtime="20200816 21:08:10.186"></status>
</kw>
<status status="PASS" starttime="20200816 21:08:07.248" endtime="20200816 21:08:10.186"></status>
</kw>
<kw name="When User enters the user name" library="login">
<arguments>
<arg>Ramnareshra</arg>
</arguments>
<kw name="get userName locator" library="login">
<assign>
<var>${temp}</var>
</assign>
<kw name="Read Loactors" library="locators">
<arguments>
<arg>Login.userNameButton</arg>
</arguments>
<assign>
<var>${x}</var>
</assign>
<msg timestamp="20200816 21:08:10.188" level="INFO">${x} = ://input[@name='username']</msg>
<status status="PASS" starttime="20200816 21:08:10.188" endtime="20200816 21:08:10.188"></status>
</kw>
<msg timestamp="20200816 21:08:10.188" level="INFO">${temp} = ://input[@name='username']</msg>
<status status="PASS" starttime="20200816 21:08:10.187" endtime="20200816 21:08:10.188"></status>
</kw>
<kw name="Wait Until Element Is Enabled" library="SeleniumLibrary">
<doc>Waits until the element ``locator`` is enabled.</doc>
<arguments>
<arg>xpath${temp}</arg>
</arguments>
<status status="PASS" starttime="20200816 21:08:10.188" endtime="20200816 21:08:10.226"></status>
</kw>
<kw name="Input Text" library="SeleniumLibrary">
<doc>Types the given ``text`` into the text field identified by ``locator``.</doc>
<arguments>
<arg>xpath${temp}</arg>
<arg>${userName}</arg>
</arguments>
<msg timestamp="20200816 21:08:10.226" level="INFO">Typing text 'Ramnareshra' into text field 'xpath://input[@name='username']'.</msg>
<status status="PASS" starttime="20200816 21:08:10.226" endtime="20200816 21:08:10.325"></status>
</kw>
<status status="PASS" starttime="20200816 21:08:10.187" endtime="20200816 21:08:10.325"></status>
</kw>
<kw name="And user enters the password" library="login">
<arguments>
<arg>aayi ho dada</arg>
</arguments>
<kw name="get password locator" library="login">
<assign>
<var>${temp1}</var>
</assign>
<kw name="Read Loactors" library="locators">
<arguments>
<arg>Login.passwordButtonId</arg>
</arguments>
<assign>
<var>${x}</var>
</assign>
<msg timestamp="20200816 21:08:10.327" level="INFO">${x} = :password</msg>
<status status="PASS" starttime="20200816 21:08:10.326" endtime="20200816 21:08:10.327"></status>
</kw>
<msg timestamp="20200816 21:08:10.327" level="INFO">${temp1} = :password</msg>
<status status="PASS" starttime="20200816 21:08:10.326" endtime="20200816 21:08:10.327"></status>
</kw>
<kw name="Wait Until Element Is Enabled" library="SeleniumLibrary">
<doc>Waits until the element ``locator`` is enabled.</doc>
<arguments>
<arg>id${temp1}</arg>
</arguments>
<status status="PASS" starttime="20200816 21:08:10.327" endtime="20200816 21:08:10.359"></status>
</kw>
<kw name="Input Text" library="SeleniumLibrary">
<doc>Types the given ``text`` into the text field identified by ``locator``.</doc>
<arguments>
<arg>id${temp1}</arg>
<arg>${password}</arg>
</arguments>
<msg timestamp="20200816 21:08:10.361" level="INFO">Typing text 'aayi ho dada' into text field 'id:password'.</msg>
<status status="PASS" starttime="20200816 21:08:10.360" endtime="20200816 21:08:10.483"></status>
</kw>
<status status="PASS" starttime="20200816 21:08:10.326" endtime="20200816 21:08:10.484"></status>
</kw>
<kw name="And Submit Login Button" library="login">
<kw name="get loginButtonID locator" library="login">
<assign>
<var>${temp2}</var>
</assign>
<kw name="Read Loactors" library="locators">
<arguments>
<arg>Login.LoginButton</arg>
</arguments>
<assign>
<var>${x}</var>
</assign>
<msg timestamp="20200816 21:08:10.486" level="INFO">${x} = ://button[@type='submit']</msg>
<status status="PASS" starttime="20200816 21:08:10.486" endtime="20200816 21:08:10.486"></status>
</kw>
<msg timestamp="20200816 21:08:10.486" level="INFO">${temp2} = ://button[@type='submit']</msg>
<status status="PASS" starttime="20200816 21:08:10.485" endtime="20200816 21:08:10.486"></status>
</kw>
<kw name="Click Button" library="SeleniumLibrary">
<doc>Clicks the button identified by ``locator``.</doc>
<arguments>
<arg>xpath${temp2}</arg>
</arguments>
<msg timestamp="20200816 21:08:10.486" level="INFO">Clicking button 'xpath://button[@type='submit']'.</msg>
<status status="PASS" starttime="20200816 21:08:10.486" endtime="20200816 21:08:15.585"></status>
</kw>
<status status="PASS" starttime="20200816 21:08:10.485" endtime="20200816 21:08:15.585"></status>
</kw>
<kw name="Then Title page is verified" library="login">
<kw name="Log To Console" library="BuiltIn">
<doc>Logs the given message to the console.</doc>
<arguments>
<arg>${title}</arg>
</arguments>
<status status="PASS" starttime="20200816 21:08:15.587" endtime="20200816 21:08:15.589"></status>
</kw>
<kw name="Title Should Be" library="SeleniumLibrary">
<doc>Verifies that the current page title equals ``title``.</doc>
<arguments>
<arg>${title}</arg>
</arguments>
<msg timestamp="20200816 21:08:15.602" level="INFO">Page title is 'Login'.</msg>
<status status="PASS" starttime="20200816 21:08:15.589" endtime="20200816 21:08:15.603"></status>
</kw>
<status status="PASS" starttime="20200816 21:08:15.586" endtime="20200816 21:08:15.603"></status>
</kw>
<status status="PASS" starttime="20200816 21:08:07.246" endtime="20200816 21:08:15.604" critical="yes"></status>
</test>
<status status="PASS" starttime="20200816 21:08:06.319" endtime="20200816 21:08:15.609"></status>
</suite>
<kw name="Close Browser" library="SeleniumLibrary" type="teardown">
<doc>Closes the current browser.</doc>
<status status="PASS" starttime="20200816 21:08:15.620" endtime="20200816 21:08:17.809"></status>
</kw>
<status status="PASS" starttime="20200816 21:07:54.582" endtime="20200816 21:08:17.809"></status>
</suite>
<statistics>
<total>
<stat pass="1" fail="0">Critical Tests</stat>
<stat pass="1" fail="0">All Tests</stat>
</total>
<tag>
</tag>
<suite>
<stat pass="1" fail="0" id="s1" name="Dday">Dday</stat>
<stat pass="1" fail="0" id="s1-s1" name="TC001-Login">Dday.TC001-Login</stat>
</suite>
</statistics>
<errors>
</errors>
</robot>
